<?xml version="1.0" encoding="UTF-8"?>
<testsuite name="com.example.DisBot.DisBotApplicationTests" tests="1" skipped="0" failures="0" errors="0" timestamp="2021-07-10T07:58:01" hostname="ac2ef2cf48a1" time="0.766">
  <properties/>
  <testcase name="contextLoads()" classname="com.example.DisBot.DisBotApplicationTests" time="0.766"/>
  <system-out><![CDATA[07:57:51.140 [Test worker] DEBUG org.springframework.test.context.BootstrapUtils - Instantiating CacheAwareContextLoaderDelegate from class [org.springframework.test.context.cache.DefaultCacheAwareContextLoaderDelegate]
07:57:51.174 [Test worker] DEBUG org.springframework.test.context.BootstrapUtils - Instantiating BootstrapContext using constructor [public org.springframework.test.context.support.DefaultBootstrapContext(java.lang.Class,org.springframework.test.context.CacheAwareContextLoaderDelegate)]
07:57:51.253 [Test worker] DEBUG org.springframework.test.context.BootstrapUtils - Instantiating TestContextBootstrapper for test class [com.example.DisBot.DisBotApplicationTests] from class [org.springframework.boot.test.context.SpringBootTestContextBootstrapper]
07:57:51.286 [Test worker] INFO org.springframework.boot.test.context.SpringBootTestContextBootstrapper - Neither @ContextConfiguration nor @ContextHierarchy found for test class [com.example.DisBot.DisBotApplicationTests], using SpringBootContextLoader
07:57:51.297 [Test worker] DEBUG org.springframework.test.context.support.AbstractContextLoader - Did not detect default resource location for test class [com.example.DisBot.DisBotApplicationTests]: class path resource [com/example/DisBot/DisBotApplicationTests-context.xml] does not exist
07:57:51.299 [Test worker] DEBUG org.springframework.test.context.support.AbstractContextLoader - Did not detect default resource location for test class [com.example.DisBot.DisBotApplicationTests]: class path resource [com/example/DisBot/DisBotApplicationTestsContext.groovy] does not exist
07:57:51.299 [Test worker] INFO org.springframework.test.context.support.AbstractContextLoader - Could not detect default resource locations for test class [com.example.DisBot.DisBotApplicationTests]: no resource found for suffixes {-context.xml, Context.groovy}.
07:57:51.302 [Test worker] INFO org.springframework.test.context.support.AnnotationConfigContextLoaderUtils - Could not detect default configuration classes for test class [com.example.DisBot.DisBotApplicationTests]: DisBotApplicationTests does not declare any static, non-private, non-final, nested classes annotated with @Configuration.
07:57:51.434 [Test worker] DEBUG org.springframework.test.context.support.ActiveProfilesUtils - Could not find an 'annotation declaring class' for annotation type [org.springframework.test.context.ActiveProfiles] and class [com.example.DisBot.DisBotApplicationTests]
07:57:51.571 [Test worker] DEBUG org.springframework.context.annotation.ClassPathScanningCandidateComponentProvider - Identified candidate component class: file [/srv/build/classes/java/main/com/example/DisBot/DisBotApplication.class]
07:57:51.574 [Test worker] INFO org.springframework.boot.test.context.SpringBootTestContextBootstrapper - Found @SpringBootConfiguration com.example.DisBot.DisBotApplication for test class com.example.DisBot.DisBotApplicationTests
07:57:51.852 [Test worker] DEBUG org.springframework.boot.test.context.SpringBootTestContextBootstrapper - @TestExecutionListeners is not present for class [com.example.DisBot.DisBotApplicationTests]: using defaults.
07:57:51.854 [Test worker] INFO org.springframework.boot.test.context.SpringBootTestContextBootstrapper - Loaded default TestExecutionListener class names from location [META-INF/spring.factories]: [org.springframework.boot.test.autoconfigure.restdocs.RestDocsTestExecutionListener, org.springframework.boot.test.autoconfigure.web.client.MockRestServiceServerResetTestExecutionListener, org.springframework.boot.test.autoconfigure.web.servlet.MockMvcPrintOnlyOnFailureTestExecutionListener, org.springframework.boot.test.autoconfigure.web.servlet.WebDriverTestExecutionListener, org.springframework.boot.test.autoconfigure.webservices.client.MockWebServiceServerTestExecutionListener, org.springframework.boot.test.mock.mockito.MockitoTestExecutionListener, org.springframework.boot.test.mock.mockito.ResetMocksTestExecutionListener, org.springframework.test.context.web.ServletTestExecutionListener, org.springframework.test.context.support.DirtiesContextBeforeModesTestExecutionListener, org.springframework.test.context.event.ApplicationEventsTestExecutionListener, org.springframework.test.context.support.DependencyInjectionTestExecutionListener, org.springframework.test.context.support.DirtiesContextTestExecutionListener, org.springframework.test.context.transaction.TransactionalTestExecutionListener, org.springframework.test.context.jdbc.SqlScriptsTestExecutionListener, org.springframework.test.context.event.EventPublishingTestExecutionListener]
07:57:51.917 [Test worker] INFO org.springframework.boot.test.context.SpringBootTestContextBootstrapper - Using TestExecutionListeners: [org.springframework.test.context.web.ServletTestExecutionListener@58bcf8a7, org.springframework.test.context.support.DirtiesContextBeforeModesTestExecutionListener@61257c3, org.springframework.test.context.event.ApplicationEventsTestExecutionListener@6e5b0d7b, org.springframework.boot.test.mock.mockito.MockitoTestExecutionListener@323dc717, org.springframework.boot.test.autoconfigure.SpringBootDependencyInjectionTestExecutionListener@dfb6837, org.springframework.test.context.support.DirtiesContextTestExecutionListener@19438a04, org.springframework.test.context.transaction.TransactionalTestExecutionListener@2f456c82, org.springframework.test.context.jdbc.SqlScriptsTestExecutionListener@731c1302, org.springframework.test.context.event.EventPublishingTestExecutionListener@25707786, org.springframework.boot.test.autoconfigure.restdocs.RestDocsTestExecutionListener@2066da86, org.springframework.boot.test.autoconfigure.web.client.MockRestServiceServerResetTestExecutionListener@24439374, org.springframework.boot.test.autoconfigure.web.servlet.MockMvcPrintOnlyOnFailureTestExecutionListener@375400fd, org.springframework.boot.test.autoconfigure.web.servlet.WebDriverTestExecutionListener@11be8dd6, org.springframework.boot.test.autoconfigure.webservices.client.MockWebServiceServerTestExecutionListener@79ad78d, org.springframework.boot.test.mock.mockito.ResetMocksTestExecutionListener@3ffa2c39]
07:57:51.927 [Test worker] DEBUG org.springframework.test.context.support.AbstractDirtiesContextTestExecutionListener - Before test class: context [DefaultTestContext@52780569 testClass = DisBotApplicationTests, testInstance = [null], testMethod = [null], testException = [null], mergedContextConfiguration = [WebMergedContextConfiguration@59bd2be8 testClass = DisBotApplicationTests, locations = '{}', classes = '{class com.example.DisBot.DisBotApplication}', contextInitializerClasses = '[]', activeProfiles = '{}', propertySourceLocations = '{}', propertySourceProperties = '{org.springframework.boot.test.context.SpringBootTestContextBootstrapper=true}', contextCustomizers = set[org.springframework.boot.test.autoconfigure.actuate.metrics.MetricsExportContextCustomizerFactory$DisableMetricExportContextCustomizer@60ceb639, org.springframework.boot.test.autoconfigure.properties.PropertyMappingContextCustomizer@0, org.springframework.boot.test.autoconfigure.web.servlet.WebDriverContextCustomizerFactory$Customizer@5ca7b245, org.springframework.boot.test.context.filter.ExcludeFilterContextCustomizer@2b05aad0, org.springframework.boot.test.json.DuplicateJsonObjectContextCustomizerFactory$DuplicateJsonObjectContextCustomizer@e93536f, org.springframework.boot.test.mock.mockito.MockitoContextCustomizer@0, org.springframework.boot.test.web.client.TestRestTemplateContextCustomizer@438112e2, org.springframework.boot.test.context.SpringBootTestArgs@1, org.springframework.boot.test.context.SpringBootTestWebEnvironment@4bc06164], resourceBasePath = 'src/main/webapp', contextLoader = 'org.springframework.boot.test.context.SpringBootContextLoader', parent = [null]], attributes = map['org.springframework.test.context.web.ServletTestExecutionListener.activateListener' -> true]], class annotated with @DirtiesContext [false] with mode [null].
07:57:52.010 [Test worker] DEBUG org.springframework.test.context.support.TestPropertySourceUtils - Adding inlined properties to environment: {spring.jmx.enabled=false, org.springframework.boot.test.context.SpringBootTestContextBootstrapper=true}

  .   ____          _            __ _ _
 /\\ / ___'_ __ _ _(_)_ __  __ _ \ \ \ \
( ( )\___ | '_ | '_| | '_ \/ _` | \ \ \ \
 \\/  ___)| |_)| | | | | || (_| |  ) ) ) )
  '  |____| .__|_| |_|_| |_\__, | / / / /
 =========|_|==============|___/=/_/_/_/
 :: Spring Boot ::                (v2.4.5)

2021-07-10 07:57:52.646  INFO 707 --- [    Test worker] c.example.DisBot.DisBotApplicationTests  : Starting DisBotApplicationTests using Java 14.0.2 on ac2ef2cf48a1 with PID 707 (started by root in /srv)
2021-07-10 07:57:52.651  INFO 707 --- [    Test worker] c.example.DisBot.DisBotApplicationTests  : No active profile set, falling back to default profiles: default
2021-07-10 07:57:54.765  INFO 707 --- [    Test worker] .s.d.r.c.RepositoryConfigurationDelegate : Bootstrapping Spring Data JPA repositories in DEFAULT mode.
2021-07-10 07:57:54.821  INFO 707 --- [    Test worker] .s.d.r.c.RepositoryConfigurationDelegate : Finished Spring Data repository scanning in 34 ms. Found 0 JPA repository interfaces.
2021-07-10 07:57:56.563  INFO 707 --- [    Test worker] com.zaxxer.hikari.HikariDataSource       : HikariPool-1 - Starting...
2021-07-10 07:57:57.022  INFO 707 --- [    Test worker] com.zaxxer.hikari.pool.PoolBase          : HikariPool-1 - Driver does not support get/set network timeout for connections. (feature not supported)
2021-07-10 07:57:57.027  INFO 707 --- [    Test worker] com.zaxxer.hikari.HikariDataSource       : HikariPool-1 - Start completed.
2021-07-10 07:57:57.214  INFO 707 --- [    Test worker] o.hibernate.jpa.internal.util.LogHelper  : HHH000204: Processing PersistenceUnitInfo [name: default]
2021-07-10 07:57:57.390  INFO 707 --- [    Test worker] org.hibernate.Version                    : HHH000412: Hibernate ORM core version 5.4.30.Final
2021-07-10 07:57:57.886  INFO 707 --- [    Test worker] o.hibernate.annotations.common.Version   : HCANN000001: Hibernate Commons Annotations {5.1.2.Final}
2021-07-10 07:57:58.388  INFO 707 --- [    Test worker] org.hibernate.dialect.Dialect            : HHH000400: Using dialect: org.hibernate.dialect.HSQLDialect
2021-07-10 07:57:59.043  INFO 707 --- [    Test worker] o.h.e.t.j.p.i.JtaPlatformInitiator       : HHH000490: Using JtaPlatform implementation: [org.hibernate.engine.transaction.jta.platform.internal.NoJtaPlatform]
2021-07-10 07:57:59.072  INFO 707 --- [    Test worker] j.LocalContainerEntityManagerFactoryBean : Initialized JPA EntityManagerFactory for persistence unit 'default'
2021-07-10 07:57:59.732  WARN 707 --- [    Test worker] JpaBaseConfiguration$JpaWebConfiguration : spring.jpa.open-in-view is enabled by default. Therefore, database queries may be performed during view rendering. Explicitly configure spring.jpa.open-in-view to disable this warning
2021-07-10 07:58:00.382  INFO 707 --- [    Test worker] o.s.s.concurrent.ThreadPoolTaskExecutor  : Initializing ExecutorService 'applicationTaskExecutor'
2021-07-10 07:58:00.708  INFO 707 --- [    Test worker] o.s.b.a.w.s.WelcomePageHandlerMapping    : Adding welcome page template: index
2021-07-10 07:58:01.791  INFO 707 --- [    Test worker] c.example.DisBot.DisBotApplicationTests  : Started DisBotApplicationTests in 9.767 seconds (JVM running for 11.966)
]]></system-out>
  <system-err><![CDATA[]]></system-err>
</testsuite>
